[debug] [2023-07-12T04:36:49.052Z] ----------------------------------------------------------------------
[debug] [2023-07-12T04:36:49.054Z] Command:       C:\Program Files\nodejs\node.exe C:\Program Files\nodejs\node_modules\firebase-tools\lib\bin\firebase.js init firestore
[debug] [2023-07-12T04:36:49.055Z] CLI Version:   12.4.3
[debug] [2023-07-12T04:36:49.055Z] Platform:      win32
[debug] [2023-07-12T04:36:49.055Z] Node Version:  v16.14.1
[debug] [2023-07-12T04:36:49.069Z] Time:          Wed Jul 12 2023 10:36:49 GMT+0600 (Bangladesh Standard Time)
[debug] [2023-07-12T04:36:49.069Z] ----------------------------------------------------------------------
[debug] 
[debug] [2023-07-12T04:36:49.079Z] > command requires scopes: ["email","openid","https://www.googleapis.com/auth/cloudplatformprojects.readonly","https://www.googleapis.com/auth/firebase","https://www.googleapis.com/auth/cloud-platform"]
[debug] [2023-07-12T04:36:49.079Z] > authorizing via signed-in user (kazutokun467@gmail.com)
[info] 
     ######## #### ########  ######## ########     ###     ######  ########
     ##        ##  ##     ## ##       ##     ##  ##   ##  ##       ##
     ######    ##  ########  ######   ########  #########  ######  ######
     ##        ##  ##    ##  ##       ##     ## ##     ##       ## ##
     ##       #### ##     ## ######## ########  ##     ##  ######  ########

You're about to initialize a Firebase project in this directory:

  F:\React_app\cloth_e-commerce

[info] 
=== Project Setup
[info] 
[info] First, let's associate this project directory with a Firebase project.
[info] You can create multiple project aliases by running firebase use --add, 
[info] but for now we'll just set up a default project.
[info] 
[debug] [2023-07-12T04:37:26.127Z] >>> [apiv2][query] GET https://firebase.googleapis.com/v1beta1/projects pageSize=100
[debug] [2023-07-12T04:37:27.935Z] <<< [apiv2][status] GET https://firebase.googleapis.com/v1beta1/projects 200
[debug] [2023-07-12T04:37:27.936Z] <<< [apiv2][body] GET https://firebase.googleapis.com/v1beta1/projects [omitted]
[info] i  Using project clothing-app-db-b4b1a (clothing-app-db) 
[info] 
=== Firestore Setup
[debug] [2023-07-12T04:37:44.814Z] >>> [apiv2][query] GET https://serviceusage.googleapis.com/v1/projects/clothing-app-db-b4b1a/services/firestore.googleapis.com [none]
[debug] [2023-07-12T04:37:44.815Z] >>> [apiv2][(partial)header] GET https://serviceusage.googleapis.com/v1/projects/clothing-app-db-b4b1a/services/firestore.googleapis.com x-goog-quota-user=projects/clothing-app-db-b4b1a
[debug] [2023-07-12T04:37:46.830Z] <<< [apiv2][status] GET https://serviceusage.googleapis.com/v1/projects/clothing-app-db-b4b1a/services/firestore.googleapis.com 200
[debug] [2023-07-12T04:37:46.831Z] <<< [apiv2][body] GET https://serviceusage.googleapis.com/v1/projects/clothing-app-db-b4b1a/services/firestore.googleapis.com [omitted]
[debug] [2023-07-12T04:37:46.832Z] >>> [apiv2][query] GET https://firestore.googleapis.com/v1/projects/clothing-app-db-b4b1a/databases/(default) [none]
[debug] [2023-07-12T04:37:48.709Z] <<< [apiv2][status] GET https://firestore.googleapis.com/v1/projects/clothing-app-db-b4b1a/databases/(default) 200
[debug] [2023-07-12T04:37:48.710Z] <<< [apiv2][body] GET https://firestore.googleapis.com/v1/projects/clothing-app-db-b4b1a/databases/(default) {"name":"projects/clothing-app-db-b4b1a/databases/(default)","uid":"af6b098e-e255-4200-8770-7ca97fc5cb1b","createTime":"2021-08-01T20:33:05.050Z","updateTime":"2022-02-03T04:22:28.241896Z","locationId":"nam5","type":"FIRESTORE_NATIVE","concurrencyMode":"PESSIMISTIC","versionRetentionPeriod":"3600s","earliestVersionTime":"2023-07-12T03:37:48.512056Z","appEngineIntegrationMode":"ENABLED","keyPrefix":"s","pointInTimeRecoveryEnablement":"POINT_IN_TIME_RECOVERY_DISABLED","deleteProtectionState":"DELETE_PROTECTION_DISABLED","etag":"ILqU6risiIADMLnGlNmW+f8C"}
[debug] [2023-07-12T04:37:48.711Z] database_type: FIRESTORE_NATIVE
[debug] [2023-07-12T04:37:48.712Z] > command requires scopes: ["email","openid","https://www.googleapis.com/auth/cloudplatformprojects.readonly","https://www.googleapis.com/auth/firebase","https://www.googleapis.com/auth/cloud-platform"]
[debug] [2023-07-12T04:37:48.712Z] > authorizing via signed-in user (kazutokun467@gmail.com)
[debug] [2023-07-12T04:37:48.713Z] [iam] checking project clothing-app-db-b4b1a for permissions ["firebase.projects.get"]
[debug] [2023-07-12T04:37:48.714Z] >>> [apiv2][query] POST https://cloudresourcemanager.googleapis.com/v1/projects/clothing-app-db-b4b1a:testIamPermissions [none]
[debug] [2023-07-12T04:37:48.715Z] >>> [apiv2][(partial)header] POST https://cloudresourcemanager.googleapis.com/v1/projects/clothing-app-db-b4b1a:testIamPermissions x-goog-quota-user=projects/clothing-app-db-b4b1a
[debug] [2023-07-12T04:37:48.715Z] >>> [apiv2][body] POST https://cloudresourcemanager.googleapis.com/v1/projects/clothing-app-db-b4b1a:testIamPermissions {"permissions":["firebase.projects.get"]}
[debug] [2023-07-12T04:37:50.239Z] <<< [apiv2][status] POST https://cloudresourcemanager.googleapis.com/v1/projects/clothing-app-db-b4b1a:testIamPermissions 200
[debug] [2023-07-12T04:37:50.240Z] <<< [apiv2][body] POST https://cloudresourcemanager.googleapis.com/v1/projects/clothing-app-db-b4b1a:testIamPermissions {"permissions":["firebase.projects.get"]}
[info] 
[info] Firestore Security Rules allow you to define how and when to allow
[info] requests. You can keep these rules in your project directory
[info] and publish them with firebase deploy.
[info] 
